2025-03-30T16:26:28.036+03:00  INFO 10316 --- [demo] [main] com.example.demo.DemoApplication         : Starting DemoApplication using Java 21.0.2 with PID 10316 (C:\Users\Алексей\Downloads\week8\s.vlasenko-dev\build\classes\java\main started by Алексей in C:\Users\Алексей\Downloads\week8\s.vlasenko-dev)
2025-03-30T16:26:28.041+03:00  INFO 10316 --- [demo] [main] com.example.demo.DemoApplication         : No active profile set, falling back to 1 default profile: "default"
2025-03-30T16:26:29.287+03:00  INFO 10316 --- [demo] [main] .s.d.r.c.RepositoryConfigurationDelegate : Bootstrapping Spring Data JPA repositories in DEFAULT mode.
2025-03-30T16:26:29.343+03:00  INFO 10316 --- [demo] [main] .s.d.r.c.RepositoryConfigurationDelegate : Finished Spring Data repository scanning in 35 ms. Found 0 JPA repository interfaces.
2025-03-30T16:26:30.277+03:00  INFO 10316 --- [demo] [main] o.s.b.w.embedded.tomcat.TomcatWebServer  : Tomcat initialized with port 8080 (http)
2025-03-30T16:26:30.301+03:00  INFO 10316 --- [demo] [main] o.apache.catalina.core.StandardService   : Starting service [Tomcat]
2025-03-30T16:26:30.301+03:00  INFO 10316 --- [demo] [main] o.apache.catalina.core.StandardEngine    : Starting Servlet engine: [Apache Tomcat/10.1.39]
2025-03-30T16:26:30.368+03:00  INFO 10316 --- [demo] [main] o.a.c.c.C.[Tomcat].[localhost].[/]       : Initializing Spring embedded WebApplicationContext
2025-03-30T16:26:30.368+03:00  INFO 10316 --- [demo] [main] w.s.c.ServletWebServerApplicationContext : Root WebApplicationContext: initialization completed in 2254 ms
2025-03-30T16:26:30.443+03:00  WARN 10316 --- [demo] [main] ConfigServletWebServerApplicationContext : Exception encountered during context initialization - cancelling refresh attempt: org.springframework.beans.factory.BeanCreationException: Error creating bean with name 'entityManagerFactory' defined in class path resource [org/springframework/boot/autoconfigure/orm/jpa/HibernateJpaConfiguration.class]: Failed to initialize dependency 'dataSourceScriptDatabaseInitializer' of LoadTimeWeaverAware bean 'entityManagerFactory': Error creating bean with name 'dataSourceScriptDatabaseInitializer' defined in class path resource [org/springframework/boot/autoconfigure/sql/init/DataSourceInitializationConfiguration.class]: Unsatisfied dependency expressed through method 'dataSourceScriptDatabaseInitializer' parameter 0: Error creating bean with name 'dataSource' defined in class path resource [org/springframework/boot/autoconfigure/jdbc/DataSourceConfiguration$Hikari.class]: Failed to instantiate [com.zaxxer.hikari.HikariDataSource]: Factory method 'dataSource' threw exception with message: Failed to determine a suitable driver class
2025-03-30T16:26:30.443+03:00  INFO 10316 --- [demo] [main] o.apache.catalina.core.StandardService   : Stopping service [Tomcat]
2025-03-30T16:26:30.468+03:00  INFO 10316 --- [demo] [main] .s.b.a.l.ConditionEvaluationReportLogger : 

Error starting ApplicationContext. To display the condition evaluation report re-run your application with 'debug' enabled.
2025-03-30T16:26:30.485+03:00 ERROR 10316 --- [demo] [main] o.s.b.d.LoggingFailureAnalysisReporter   : 

***************************
APPLICATION FAILED TO START
***************************

Description:

Failed to configure a DataSource: 'url' attribute is not specified and no embedded datasource could be configured.

Reason: Failed to determine a suitable driver class


Action:

Consider the following:
	If you want an embedded database (H2, HSQL or Derby), please put it on the classpath.
	If you have database settings to be loaded from a particular profile you may need to activate it (no profiles are currently active).

2025-03-30T16:30:38.293+03:00  INFO 7524 --- [demo] [main] com.example.demo.DemoApplication         : Starting DemoApplication using Java 21.0.2 with PID 7524 (C:\Users\Алексей\Downloads\week8\s.vlasenko-dev\build\classes\java\main started by Алексей in C:\Users\Алексей\Downloads\week8\s.vlasenko-dev)
2025-03-30T16:30:38.295+03:00  INFO 7524 --- [demo] [main] com.example.demo.DemoApplication         : No active profile set, falling back to 1 default profile: "default"
2025-03-30T16:30:39.192+03:00  INFO 7524 --- [demo] [main] .s.d.r.c.RepositoryConfigurationDelegate : Bootstrapping Spring Data JPA repositories in DEFAULT mode.
2025-03-30T16:30:39.225+03:00  INFO 7524 --- [demo] [main] .s.d.r.c.RepositoryConfigurationDelegate : Finished Spring Data repository scanning in 15 ms. Found 0 JPA repository interfaces.
2025-03-30T16:30:40.150+03:00  INFO 7524 --- [demo] [main] o.s.b.w.embedded.tomcat.TomcatWebServer  : Tomcat initialized with port 8080 (http)
2025-03-30T16:30:40.183+03:00  INFO 7524 --- [demo] [main] o.apache.catalina.core.StandardService   : Starting service [Tomcat]
2025-03-30T16:30:40.183+03:00  INFO 7524 --- [demo] [main] o.apache.catalina.core.StandardEngine    : Starting Servlet engine: [Apache Tomcat/10.1.39]
2025-03-30T16:30:40.275+03:00  INFO 7524 --- [demo] [main] o.a.c.c.C.[Tomcat].[localhost].[/]       : Initializing Spring embedded WebApplicationContext
2025-03-30T16:30:40.275+03:00  INFO 7524 --- [demo] [main] w.s.c.ServletWebServerApplicationContext : Root WebApplicationContext: initialization completed in 1935 ms
2025-03-30T16:30:40.441+03:00  INFO 7524 --- [demo] [main] com.zaxxer.hikari.HikariDataSource       : HikariPool-1 - Starting...
2025-03-30T16:30:40.858+03:00  INFO 7524 --- [demo] [main] com.zaxxer.hikari.pool.HikariPool        : HikariPool-1 - Added connection org.postgresql.jdbc.PgConnection@753fd7a1
2025-03-30T16:30:40.866+03:00  INFO 7524 --- [demo] [main] com.zaxxer.hikari.HikariDataSource       : HikariPool-1 - Start completed.
2025-03-30T16:30:41.091+03:00  INFO 7524 --- [demo] [main] o.hibernate.jpa.internal.util.LogHelper  : HHH000204: Processing PersistenceUnitInfo [name: default]
2025-03-30T16:30:41.195+03:00  INFO 7524 --- [demo] [main] org.hibernate.Version                    : HHH000412: Hibernate ORM core version 6.6.11.Final
2025-03-30T16:30:41.244+03:00  INFO 7524 --- [demo] [main] o.h.c.internal.RegionFactoryInitiator    : HHH000026: Second-level cache disabled
2025-03-30T16:30:41.699+03:00  INFO 7524 --- [demo] [main] o.s.o.j.p.SpringPersistenceUnitInfo      : No LoadTimeWeaver setup: ignoring JPA class transformer
2025-03-30T16:30:41.798+03:00  INFO 7524 --- [demo] [main] org.hibernate.orm.connections.pooling    : HHH10001005: Database info:
	Database JDBC URL [Connecting through datasource 'HikariDataSource (HikariPool-1)']
	Database driver: undefined/unknown
	Database version: 14.17
	Autocommit mode: undefined/unknown
	Isolation level: undefined/unknown
	Minimum pool size: undefined/unknown
	Maximum pool size: undefined/unknown
2025-03-30T16:30:42.366+03:00  INFO 7524 --- [demo] [main] o.h.e.t.j.p.i.JtaPlatformInitiator       : HHH000489: No JTA platform available (set 'hibernate.transaction.jta.platform' to enable JTA platform integration)
2025-03-30T16:30:42.374+03:00  INFO 7524 --- [demo] [main] j.LocalContainerEntityManagerFactoryBean : Initialized JPA EntityManagerFactory for persistence unit 'default'
2025-03-30T16:30:42.665+03:00  WARN 7524 --- [demo] [main] JpaBaseConfiguration$JpaWebConfiguration : spring.jpa.open-in-view is enabled by default. Therefore, database queries may be performed during view rendering. Explicitly configure spring.jpa.open-in-view to disable this warning
2025-03-30T16:30:43.307+03:00  WARN 7524 --- [demo] [main] ConfigServletWebServerApplicationContext : Exception encountered during context initialization - cancelling refresh attempt: org.springframework.context.ApplicationContextException: Failed to start bean 'webServerStartStop'
2025-03-30T16:30:43.318+03:00  INFO 7524 --- [demo] [main] j.LocalContainerEntityManagerFactoryBean : Closing JPA EntityManagerFactory for persistence unit 'default'
2025-03-30T16:30:43.322+03:00  INFO 7524 --- [demo] [main] com.zaxxer.hikari.HikariDataSource       : HikariPool-1 - Shutdown initiated...
2025-03-30T16:30:43.326+03:00  INFO 7524 --- [demo] [main] com.zaxxer.hikari.HikariDataSource       : HikariPool-1 - Shutdown completed.
2025-03-30T16:30:43.343+03:00  INFO 7524 --- [demo] [main] .s.b.a.l.ConditionEvaluationReportLogger : 

Error starting ApplicationContext. To display the condition evaluation report re-run your application with 'debug' enabled.
2025-03-30T16:30:43.372+03:00 ERROR 7524 --- [demo] [main] o.s.b.d.LoggingFailureAnalysisReporter   : 

***************************
APPLICATION FAILED TO START
***************************

Description:

Web server failed to start. Port 8080 was already in use.

Action:

Identify and stop the process that's listening on port 8080 or configure this application to listen on another port.

2025-03-30T16:40:18.359+03:00  INFO 17452 --- [demo] [main] com.example.demo.DemoApplication         : Starting DemoApplication v0.0.1-SNAPSHOT using Java 21.0.2 with PID 17452 (C:\Users\Алексей\Downloads\week8\s.vlasenko-dev\build\libs\demo-0.0.1-SNAPSHOT.jar started by Алексей in C:\Users\Алексей\Downloads\week8\s.vlasenko-dev)
2025-03-30T16:40:18.359+03:00  INFO 17452 --- [demo] [main] com.example.demo.DemoApplication         : No active profile set, falling back to 1 default profile: "default"
2025-03-30T16:40:19.267+03:00  INFO 17452 --- [demo] [main] .s.d.r.c.RepositoryConfigurationDelegate : Bootstrapping Spring Data JPA repositories in DEFAULT mode.
2025-03-30T16:40:19.309+03:00  INFO 17452 --- [demo] [main] .s.d.r.c.RepositoryConfigurationDelegate : Finished Spring Data repository scanning in 21 ms. Found 0 JPA repository interfaces.
2025-03-30T16:40:19.984+03:00  INFO 17452 --- [demo] [main] o.s.b.w.embedded.tomcat.TomcatWebServer  : Tomcat initialized with port 8081 (http)
2025-03-30T16:40:20.001+03:00  INFO 17452 --- [demo] [main] o.apache.catalina.core.StandardService   : Starting service [Tomcat]
2025-03-30T16:40:20.001+03:00  INFO 17452 --- [demo] [main] o.apache.catalina.core.StandardEngine    : Starting Servlet engine: [Apache Tomcat/10.1.39]
2025-03-30T16:40:20.067+03:00  INFO 17452 --- [demo] [main] o.a.c.c.C.[Tomcat].[localhost].[/]       : Initializing Spring embedded WebApplicationContext
2025-03-30T16:40:20.068+03:00  INFO 17452 --- [demo] [main] w.s.c.ServletWebServerApplicationContext : Root WebApplicationContext: initialization completed in 1633 ms
2025-03-30T16:40:20.267+03:00  INFO 17452 --- [demo] [main] com.zaxxer.hikari.HikariDataSource       : HikariPool-1 - Starting...
2025-03-30T16:40:20.518+03:00  INFO 17452 --- [demo] [main] com.zaxxer.hikari.pool.HikariPool        : HikariPool-1 - Added connection org.postgresql.jdbc.PgConnection@999b951
2025-03-30T16:40:20.520+03:00  INFO 17452 --- [demo] [main] com.zaxxer.hikari.HikariDataSource       : HikariPool-1 - Start completed.
2025-03-30T16:40:20.662+03:00  INFO 17452 --- [demo] [main] o.hibernate.jpa.internal.util.LogHelper  : HHH000204: Processing PersistenceUnitInfo [name: default]
2025-03-30T16:40:20.750+03:00  INFO 17452 --- [demo] [main] org.hibernate.Version                    : HHH000412: Hibernate ORM core version 6.6.11.Final
2025-03-30T16:40:20.809+03:00  INFO 17452 --- [demo] [main] o.h.c.internal.RegionFactoryInitiator    : HHH000026: Second-level cache disabled
2025-03-30T16:40:21.226+03:00  INFO 17452 --- [demo] [main] o.s.o.j.p.SpringPersistenceUnitInfo      : No LoadTimeWeaver setup: ignoring JPA class transformer
2025-03-30T16:40:21.348+03:00  INFO 17452 --- [demo] [main] org.hibernate.orm.connections.pooling    : HHH10001005: Database info:
	Database JDBC URL [Connecting through datasource 'HikariDataSource (HikariPool-1)']
	Database driver: undefined/unknown
	Database version: 14.17
	Autocommit mode: undefined/unknown
	Isolation level: undefined/unknown
	Minimum pool size: undefined/unknown
	Maximum pool size: undefined/unknown
2025-03-30T16:40:21.781+03:00  INFO 17452 --- [demo] [main] o.h.e.t.j.p.i.JtaPlatformInitiator       : HHH000489: No JTA platform available (set 'hibernate.transaction.jta.platform' to enable JTA platform integration)
2025-03-30T16:40:21.784+03:00  INFO 17452 --- [demo] [main] j.LocalContainerEntityManagerFactoryBean : Initialized JPA EntityManagerFactory for persistence unit 'default'
2025-03-30T16:40:21.995+03:00  WARN 17452 --- [demo] [main] JpaBaseConfiguration$JpaWebConfiguration : spring.jpa.open-in-view is enabled by default. Therefore, database queries may be performed during view rendering. Explicitly configure spring.jpa.open-in-view to disable this warning
2025-03-30T16:40:22.483+03:00  INFO 17452 --- [demo] [main] o.s.b.w.embedded.tomcat.TomcatWebServer  : Tomcat started on port 8081 (http) with context path '/'
2025-03-30T16:40:22.500+03:00  INFO 17452 --- [demo] [main] com.example.demo.DemoApplication         : Started DemoApplication in 4.798 seconds (process running for 5.546)
2025-03-30T16:40:48.030+03:00  INFO 17452 --- [demo] [SpringApplicationShutdownHook] o.s.b.w.e.tomcat.GracefulShutdown        : Commencing graceful shutdown. Waiting for active requests to complete
2025-03-30T16:40:48.064+03:00  INFO 17452 --- [demo] [tomcat-shutdown] o.s.b.w.e.tomcat.GracefulShutdown        : Graceful shutdown complete
2025-03-30T16:40:48.072+03:00  INFO 17452 --- [demo] [SpringApplicationShutdownHook] j.LocalContainerEntityManagerFactoryBean : Closing JPA EntityManagerFactory for persistence unit 'default'
2025-03-30T16:40:48.080+03:00  INFO 17452 --- [demo] [SpringApplicationShutdownHook] com.zaxxer.hikari.HikariDataSource       : HikariPool-1 - Shutdown initiated...
2025-03-30T16:40:48.099+03:00  INFO 17452 --- [demo] [SpringApplicationShutdownHook] com.zaxxer.hikari.HikariDataSource       : HikariPool-1 - Shutdown completed.
